{
  "Minitest": {
    "coverage": {
      "/Users/pparnfaa/Coding/academy-quest/app/models/quest.rb": {
        "lines": [
          1,
          null
        ]
      },
      "/Users/pparnfaa/Coding/academy-quest/app/models/application_record.rb": {
        "lines": [
          1,
          1,
          null
        ]
      },
      "/Users/pparnfaa/Coding/academy-quest/app/controllers/quests_controller.rb": {
        "lines": [
          1,
          1,
          null,
          null,
          1,
          1,
          null,
          null,
          null,
          1,
          null,
          null,
          null,
          1,
          1,
          null,
          null,
          null,
          1,
          null,
          null,
          null,
          1,
          1,
          null,
          1,
          1,
          2,
          1,
          null,
          0,
          0,
          null,
          null,
          null,
          null,
          null,
          1,
          1,
          1,
          2,
          1,
          null,
          0,
          0,
          null,
          null,
          null,
          null,
          null,
          1,
          1,
          null,
          1,
          2,
          1,
          null,
          null,
          null,
          1,
          null,
          1,
          4,
          null,
          null,
          null,
          1,
          2,
          null,
          null
        ]
      },
      "/Users/pparnfaa/Coding/academy-quest/app/controllers/application_controller.rb": {
        "lines": [
          1,
          null,
          1,
          null
        ]
      },
      "/Users/pparnfaa/Coding/academy-quest/app/helpers/application_helper.rb": {
        "lines": [
          1,
          null
        ]
      },
      "/Users/pparnfaa/Coding/academy-quest/app/helpers/quests_helper.rb": {
        "lines": [
          1,
          null
        ]
      }
    },
    "timestamp": 1755611154
  },
  "RSpec": {
    "coverage": {
      "/Users/pparnfaa/Coding/academy-quest/app/models/quest.rb": {
        "lines": [
          1,
          null
        ]
      },
      "/Users/pparnfaa/Coding/academy-quest/app/models/application_record.rb": {
        "lines": [
          1,
          1,
          null
        ]
      },
      "/Users/pparnfaa/Coding/academy-quest/app/controllers/quests_controller.rb": {
        "lines": [
          1,
          1,
          null,
          null,
          1,
          1,
          1,
          null,
          null,
          null,
          1,
          1,
          null,
          1,
          1,
          1,
          2,
          null,
          null,
          null,
          null,
          null,
          1,
          1,
          1,
          1,
          2,
          null,
          null,
          null,
          null,
          null,
          1,
          1,
          null,
          1,
          1,
          2,
          null,
          null,
          null,
          1,
          null,
          1,
          2,
          null,
          null,
          null,
          1,
          2,
          null
        ]
      },
      "/Users/pparnfaa/Coding/academy-quest/app/controllers/application_controller.rb": {
        "lines": [
          1,
          null,
          1,
          null
        ]
      },
      "/Users/pparnfaa/Coding/academy-quest/app/helpers/application_helper.rb": {
        "lines": [
          1,
          null
        ]
      },
      "/Users/pparnfaa/Coding/academy-quest/app/helpers/quests_helper.rb": {
        "lines": [
          1,
          null
        ]
      }
    },
    "timestamp": 1755615872
  }
}
